Pretul total va fi de 22503 lei
Bicicleta
Defectiunea Capitala 0
Lant 1
Roti 0
Ghidon 1
Pret 225
Bicicleta
Defectiunea Capitala 0
Lant 1
Roti 1
Ghidon 0
Pret 223
Motocicleta
Defectiunea Capitala 0
Placute fata 1
Placute spate 0
Discuri 1
Ulei 1
Ghidon 0
Roti 0
Arcuri 1
Amortizoare 0
Bujii 1
Pret 2670
Motocicleta
Defectiunea Capitala 0
Placute fata 0
Placute spate 0
Discuri 0
Ulei 1
Ghidon 1
Roti 2
Arcuri 0
Amortizoare 1
Bujii 0
Pret 3052.5
Automobil
Defectiunea Capitala 0
Placute fata 1
Placute spate 0
Discuri 3
Ulei 0
Carburator 1
Roti 0
Amortizoare 0
Arcuri 1
Bujii 3
De vopsit Bara din fata 0
De schimbat Bara din fata 0
De vopsit Bara din spate 0
De schimbat Bara din spate 0
De vopsit Capota 0
De schimbat Capota 0
De vopsit Plafon 0
De schimbat Plafon 0
De vopsit Portbagaj 0
De schimbat Portbagaj 0
De vopsit aripa fata stanga 0
De schimbat aripa fata stanga 0
De vopsit aripa fata dreapta 0
De schimbat aripa fata dreapta 0
De vopsit aripa spate stanga 0
De schimbat aripa spate stanga 0
De vopsit aripa spate dreapta 0
De schimbat aripa spate dreapta 0
De vopsit usa fata stanga 0
De schimbat usa fata stanga 0
De vopsit usa fata dreapta 0
De schimbat usa fata dreapta 0
De vopsit usa spate stanga 0
De schimbat usa spate stanga 0
De vopsit usa spate dreapta 0
De schimbat usa spate dreapta 0
3011
Automobil
Defectiunea Capitala 0
Placute fata 0
Placute spate 0
Discuri 0
Ulei 1
Carburator 0
Roti 2
Amortizoare 0
Arcuri 0
Bujii 0
De vopsit Bara din fata 0
De schimbat Bara din fata 0
De vopsit Bara din spate 0
De schimbat Bara din spate 0
De vopsit Capota 0
De schimbat Capota 0
De vopsit Plafon 0
De schimbat Plafon 0
De vopsit Portbagaj 0
De schimbat Portbagaj 0
De vopsit aripa fata stanga 0
De schimbat aripa fata stanga 0
De vopsit aripa fata dreapta 0
De schimbat aripa fata dreapta 0
De vopsit aripa spate stanga 0
De schimbat aripa spate stanga 0
De vopsit aripa spate dreapta 0
De schimbat aripa spate dreapta 0
De vopsit usa fata stanga 0
De schimbat usa fata stanga 0
De vopsit usa fata dreapta 0
De schimbat usa fata dreapta 0
De vopsit usa spate stanga 0
De schimbat usa spate stanga 0
De vopsit usa spate dreapta 0
De schimbat usa spate dreapta 0
1507.5
Automobil
Defectiunea Capitala 0
Placute fata 0
Placute spate 0
Discuri 0
Ulei 0
Carburator 0
Roti 0
Amortizoare 0
Arcuri 0
Bujii 0
De vopsit Bara din fata 0
De schimbat Bara din fata 0
De vopsit Bara din spate 1
De schimbat Bara din spate 0
De vopsit Capota 1
De schimbat Capota 0
De vopsit Plafon 1
De schimbat Plafon 0
De vopsit Portbagaj 1
De schimbat Portbagaj 0
De vopsit aripa fata stanga 0
De schimbat aripa fata stanga 0
De vopsit aripa fata dreapta 0
De schimbat aripa fata dreapta 1
De vopsit aripa spate stanga 0
De schimbat aripa spate stanga 0
De vopsit aripa spate dreapta 0
De schimbat aripa spate dreapta 0
De vopsit usa fata stanga 0
De schimbat usa fata stanga 0
De vopsit usa fata dreapta 0
De schimbat usa fata dreapta 0
De vopsit usa spate stanga 0
De schimbat usa spate stanga 0
De vopsit usa spate dreapta 0
De schimbat usa spate dreapta 1
11815
